GAS LISTING C:\Users\Anton1\AppData\Local\Temp\ccYqx8ap.s 			page 1


   1              		.file	"close.c"
   2              		.option nopic
   3              		.attribute arch, "rv32i2p0_m2p0_a2p0_c2p0"
   4              		.attribute unaligned_access, 0
   5              		.attribute stack_align, 16
   6              		.text
   7              	.Ltext0:
   8              		.cfi_sections	.debug_frame
   9              		.section	.text._close,"ax",@progbits
  10              		.align	1
  11              		.globl	_close
  13              	_close:
  14              	.LFB1:
  15              		.file 1 "./../../firmware/RISCV/stubs/close.c"
   1:./../../firmware/RISCV/stubs/close.c **** /* See LICENSE of license details. */
   2:./../../firmware/RISCV/stubs/close.c **** 
   3:./../../firmware/RISCV/stubs/close.c **** #include <errno.h>
   4:./../../firmware/RISCV/stubs/close.c **** #include "stub.h"
   5:./../../firmware/RISCV/stubs/close.c **** 
   6:./../../firmware/RISCV/stubs/close.c **** int _close(int fd)
   7:./../../firmware/RISCV/stubs/close.c **** {
  16              		.loc 1 7 1
  17              		.cfi_startproc
  18              	.LVL0:
   8:./../../firmware/RISCV/stubs/close.c ****   return _stub(EBADF);
  19              		.loc 1 8 3
  20              		.file 2 "./../../firmware/RISCV/stubs/stub.h"
   1:./../../firmware/RISCV/stubs/stub.h **** /* See LICENSE of license details. */
   2:./../../firmware/RISCV/stubs/stub.h **** #ifndef _NUCLEI_SYS_STUB_H
   3:./../../firmware/RISCV/stubs/stub.h **** #define _NUCLEI_SYS_STUB_H
   4:./../../firmware/RISCV/stubs/stub.h **** 
   5:./../../firmware/RISCV/stubs/stub.h **** #include <stdint.h>
   6:./../../firmware/RISCV/stubs/stub.h **** #if   defined (__GNUC__)
   7:./../../firmware/RISCV/stubs/stub.h **** #include <unistd.h>
   8:./../../firmware/RISCV/stubs/stub.h **** #endif
   9:./../../firmware/RISCV/stubs/stub.h **** 
  10:./../../firmware/RISCV/stubs/stub.h **** void write_hex(int fd, unsigned long int hex);
  11:./../../firmware/RISCV/stubs/stub.h **** 
  12:./../../firmware/RISCV/stubs/stub.h **** static inline int _stub(int err)
  13:./../../firmware/RISCV/stubs/stub.h **** {
  14:./../../firmware/RISCV/stubs/stub.h ****   return -1;
  21              		.loc 2 14 3
   9:./../../firmware/RISCV/stubs/close.c **** }
  22              		.loc 1 9 1 is_stmt 0
  23 0000 7D55     		li	a0,-1
  24              	.LVL1:
  25 0002 8280     		ret
  26              		.cfi_endproc
  27              	.LFE1:
  29              		.text
  30              	.Letext0:
  31              		.file 3 "c:\\users\\anton1\\kth\\embedded systems he1028\\toolchain-gd32v-v201-win\\compiler\\lib\
  32              		.file 4 "c:\\users\\anton1\\kth\\embedded systems he1028\\toolchain-gd32v-v201-win\\compiler\\risc
  33              		.file 5 "c:\\users\\anton1\\kth\\embedded systems he1028\\toolchain-gd32v-v201-win\\compiler\\risc
  34              		.file 6 "c:\\users\\anton1\\kth\\embedded systems he1028\\toolchain-gd32v-v201-win\\compiler\\risc
  35              		.file 7 "c:\\users\\anton1\\kth\\embedded systems he1028\\toolchain-gd32v-v201-win\\compiler\\risc
  36              		.file 8 "c:\\users\\anton1\\kth\\embedded systems he1028\\toolchain-gd32v-v201-win\\compiler\\risc
GAS LISTING C:\Users\Anton1\AppData\Local\Temp\ccYqx8ap.s 			page 2


GAS LISTING C:\Users\Anton1\AppData\Local\Temp\ccYqx8ap.s 			page 3


DEFINED SYMBOLS
                            *ABS*:0000000000000000 close.c
C:\Users\Anton1\AppData\Local\Temp\ccYqx8ap.s:13     .text._close:0000000000000000 _close
C:\Users\Anton1\AppData\Local\Temp\ccYqx8ap.s:17     .text._close:0000000000000000 .L0 
C:\Users\Anton1\AppData\Local\Temp\ccYqx8ap.s:19     .text._close:0000000000000000 .L0 
C:\Users\Anton1\AppData\Local\Temp\ccYqx8ap.s:21     .text._close:0000000000000000 .L0 
C:\Users\Anton1\AppData\Local\Temp\ccYqx8ap.s:22     .text._close:0000000000000000 .L0 
C:\Users\Anton1\AppData\Local\Temp\ccYqx8ap.s:23     .text._close:0000000000000000 .L0 
C:\Users\Anton1\AppData\Local\Temp\ccYqx8ap.s:26     .text._close:0000000000000004 .L0 
C:\Users\Anton1\AppData\Local\Temp\ccYqx8ap.s:29     .text._close:0000000000000004 .L0 
                     .debug_frame:0000000000000000 .L0 
C:\Users\Anton1\AppData\Local\Temp\ccYqx8ap.s:1540   .debug_abbrev:0000000000000000 .Ldebug_abbrev0
C:\Users\Anton1\AppData\Local\Temp\ccYqx8ap.s:2288   .debug_str:0000000000000474 .LASF128
C:\Users\Anton1\AppData\Local\Temp\ccYqx8ap.s:2092   .debug_str:000000000000008b .LASF129
C:\Users\Anton1\AppData\Local\Temp\ccYqx8ap.s:2170   .debug_str:0000000000000211 .LASF130
C:\Users\Anton1\AppData\Local\Temp\ccYqx8ap.s:2060   .debug_ranges:0000000000000000 .Ldebug_ranges0
C:\Users\Anton1\AppData\Local\Temp\ccYqx8ap.s:2066   .debug_line:0000000000000000 .Ldebug_line0
C:\Users\Anton1\AppData\Local\Temp\ccYqx8ap.s:2156   .debug_str:00000000000001ce .LASF0
C:\Users\Anton1\AppData\Local\Temp\ccYqx8ap.s:2172   .debug_str:0000000000000266 .LASF1
C:\Users\Anton1\AppData\Local\Temp\ccYqx8ap.s:2098   .debug_str:00000000000000c7 .LASF2
C:\Users\Anton1\AppData\Local\Temp\ccYqx8ap.s:2202   .debug_str:00000000000002f0 .LASF3
C:\Users\Anton1\AppData\Local\Temp\ccYqx8ap.s:2186   .debug_str:00000000000002b1 .LASF10
C:\Users\Anton1\AppData\Local\Temp\ccYqx8ap.s:2100   .debug_str:00000000000000d5 .LASF4
C:\Users\Anton1\AppData\Local\Temp\ccYqx8ap.s:2220   .debug_str:0000000000000349 .LASF5
C:\Users\Anton1\AppData\Local\Temp\ccYqx8ap.s:2226   .debug_str:0000000000000365 .LASF6
C:\Users\Anton1\AppData\Local\Temp\ccYqx8ap.s:2116   .debug_str:000000000000011a .LASF7
C:\Users\Anton1\AppData\Local\Temp\ccYqx8ap.s:2164   .debug_str:00000000000001f2 .LASF8
C:\Users\Anton1\AppData\Local\Temp\ccYqx8ap.s:2082   .debug_str:000000000000004b .LASF9
C:\Users\Anton1\AppData\Local\Temp\ccYqx8ap.s:2214   .debug_str:0000000000000326 .LASF11
C:\Users\Anton1\AppData\Local\Temp\ccYqx8ap.s:2272   .debug_str:0000000000000437 .LASF12
C:\Users\Anton1\AppData\Local\Temp\ccYqx8ap.s:2308   .debug_str:0000000000000554 .LASF13
C:\Users\Anton1\AppData\Local\Temp\ccYqx8ap.s:2182   .debug_str:00000000000002a3 .LASF14
C:\Users\Anton1\AppData\Local\Temp\ccYqx8ap.s:2158   .debug_str:00000000000001db .LASF15
C:\Users\Anton1\AppData\Local\Temp\ccYqx8ap.s:2264   .debug_str:0000000000000415 .LASF16
C:\Users\Anton1\AppData\Local\Temp\ccYqx8ap.s:2266   .debug_str:000000000000041d .LASF17
C:\Users\Anton1\AppData\Local\Temp\ccYqx8ap.s:2236   .debug_str:000000000000038d .LASF18
C:\Users\Anton1\AppData\Local\Temp\ccYqx8ap.s:2294   .debug_str:000000000000050a .LASF19
C:\Users\Anton1\AppData\Local\Temp\ccYqx8ap.s:2218   .debug_str:0000000000000337 .LASF20
C:\Users\Anton1\AppData\Local\Temp\ccYqx8ap.s:2142   .debug_str:0000000000000191 .LASF21
C:\Users\Anton1\AppData\Local\Temp\ccYqx8ap.s:2146   .debug_str:00000000000001a2 .LASF26
C:\Users\Anton1\AppData\Local\Temp\ccYqx8ap.s:2284   .debug_str:0000000000000461 .LASF22
C:\Users\Anton1\AppData\Local\Temp\ccYqx8ap.s:2258   .debug_str:0000000000000400 .LASF23
C:\Users\Anton1\AppData\Local\Temp\ccYqx8ap.s:2140   .debug_str:000000000000018b .LASF24
C:\Users\Anton1\AppData\Local\Temp\ccYqx8ap.s:2302   .debug_str:000000000000053f .LASF25
C:\Users\Anton1\AppData\Local\Temp\ccYqx8ap.s:2154   .debug_str:00000000000001c9 .LASF27
C:\Users\Anton1\AppData\Local\Temp\ccYqx8ap.s:2096   .debug_str:00000000000000be .LASF28
C:\Users\Anton1\AppData\Local\Temp\ccYqx8ap.s:2278   .debug_str:000000000000044b .LASF29
C:\Users\Anton1\AppData\Local\Temp\ccYqx8ap.s:2106   .debug_str:00000000000000ed .LASF30
C:\Users\Anton1\AppData\Local\Temp\ccYqx8ap.s:2332   .debug_str:00000000000005bf .LASF31
C:\Users\Anton1\AppData\Local\Temp\ccYqx8ap.s:2208   .debug_str:000000000000030a .LASF32
C:\Users\Anton1\AppData\Local\Temp\ccYqx8ap.s:2196   .debug_str:00000000000002d6 .LASF33
C:\Users\Anton1\AppData\Local\Temp\ccYqx8ap.s:2304   .debug_str:0000000000000544 .LASF34
C:\Users\Anton1\AppData\Local\Temp\ccYqx8ap.s:2228   .debug_str:000000000000036f .LASF35
C:\Users\Anton1\AppData\Local\Temp\ccYqx8ap.s:2318   .debug_str:000000000000057f .LASF36
C:\Users\Anton1\AppData\Local\Temp\ccYqx8ap.s:2110   .debug_str:00000000000000fc .LASF37
C:\Users\Anton1\AppData\Local\Temp\ccYqx8ap.s:2136   .debug_str:000000000000017e .LASF38
C:\Users\Anton1\AppData\Local\Temp\ccYqx8ap.s:2068   .debug_str:0000000000000000 .LASF39
GAS LISTING C:\Users\Anton1\AppData\Local\Temp\ccYqx8ap.s 			page 4


C:\Users\Anton1\AppData\Local\Temp\ccYqx8ap.s:2290   .debug_str:00000000000004fc .LASF40
C:\Users\Anton1\AppData\Local\Temp\ccYqx8ap.s:2120   .debug_str:000000000000012a .LASF41
C:\Users\Anton1\AppData\Local\Temp\ccYqx8ap.s:2210   .debug_str:0000000000000313 .LASF42
C:\Users\Anton1\AppData\Local\Temp\ccYqx8ap.s:2250   .debug_str:00000000000003d0 .LASF43
C:\Users\Anton1\AppData\Local\Temp\ccYqx8ap.s:2138   .debug_str:0000000000000186 .LASF44
C:\Users\Anton1\AppData\Local\Temp\ccYqx8ap.s:2230   .debug_str:0000000000000379 .LASF45
C:\Users\Anton1\AppData\Local\Temp\ccYqx8ap.s:2104   .debug_str:00000000000000e7 .LASF46
C:\Users\Anton1\AppData\Local\Temp\ccYqx8ap.s:2070   .debug_str:000000000000000c .LASF47
C:\Users\Anton1\AppData\Local\Temp\ccYqx8ap.s:2238   .debug_str:0000000000000398 .LASF48
C:\Users\Anton1\AppData\Local\Temp\ccYqx8ap.s:2118   .debug_str:0000000000000123 .LASF49
C:\Users\Anton1\AppData\Local\Temp\ccYqx8ap.s:2166   .debug_str:0000000000000204 .LASF50
C:\Users\Anton1\AppData\Local\Temp\ccYqx8ap.s:2084   .debug_str:0000000000000062 .LASF51
C:\Users\Anton1\AppData\Local\Temp\ccYqx8ap.s:2112   .debug_str:000000000000010a .LASF52
C:\Users\Anton1\AppData\Local\Temp\ccYqx8ap.s:2150   .debug_str:00000000000001b9 .LASF53
C:\Users\Anton1\AppData\Local\Temp\ccYqx8ap.s:2194   .debug_str:00000000000002cf .LASF54
C:\Users\Anton1\AppData\Local\Temp\ccYqx8ap.s:2268   .debug_str:0000000000000425 .LASF55
C:\Users\Anton1\AppData\Local\Temp\ccYqx8ap.s:2322   .debug_str:0000000000000599 .LASF56
C:\Users\Anton1\AppData\Local\Temp\ccYqx8ap.s:2102   .debug_str:00000000000000e1 .LASF57
C:\Users\Anton1\AppData\Local\Temp\ccYqx8ap.s:2314   .debug_str:0000000000000571 .LASF58
C:\Users\Anton1\AppData\Local\Temp\ccYqx8ap.s:2124   .debug_str:0000000000000139 .LASF59
C:\Users\Anton1\AppData\Local\Temp\ccYqx8ap.s:2130   .debug_str:0000000000000157 .LASF60
C:\Users\Anton1\AppData\Local\Temp\ccYqx8ap.s:2076   .debug_str:0000000000000025 .LASF61
C:\Users\Anton1\AppData\Local\Temp\ccYqx8ap.s:2188   .debug_str:00000000000002b8 .LASF62
C:\Users\Anton1\AppData\Local\Temp\ccYqx8ap.s:2242   .debug_str:00000000000003aa .LASF63
C:\Users\Anton1\AppData\Local\Temp\ccYqx8ap.s:2190   .debug_str:00000000000002be .LASF64
C:\Users\Anton1\AppData\Local\Temp\ccYqx8ap.s:2260   .debug_str:0000000000000408 .LASF65
C:\Users\Anton1\AppData\Local\Temp\ccYqx8ap.s:2274   .debug_str:000000000000043f .LASF66
C:\Users\Anton1\AppData\Local\Temp\ccYqx8ap.s:2122   .debug_str:0000000000000132 .LASF67
C:\Users\Anton1\AppData\Local\Temp\ccYqx8ap.s:2160   .debug_str:00000000000001e2 .LASF68
C:\Users\Anton1\AppData\Local\Temp\ccYqx8ap.s:2144   .debug_str:000000000000019a .LASF69
C:\Users\Anton1\AppData\Local\Temp\ccYqx8ap.s:2248   .debug_str:00000000000003cb .LASF70
C:\Users\Anton1\AppData\Local\Temp\ccYqx8ap.s:2074   .debug_str:000000000000001a .LASF71
C:\Users\Anton1\AppData\Local\Temp\ccYqx8ap.s:2256   .debug_str:00000000000003e7 .LASF72
C:\Users\Anton1\AppData\Local\Temp\ccYqx8ap.s:2252   .debug_str:00000000000003d5 .LASF73
C:\Users\Anton1\AppData\Local\Temp\ccYqx8ap.s:2212   .debug_str:000000000000031b .LASF74
C:\Users\Anton1\AppData\Local\Temp\ccYqx8ap.s:2254   .debug_str:00000000000003dd .LASF75
C:\Users\Anton1\AppData\Local\Temp\ccYqx8ap.s:2180   .debug_str:000000000000029b .LASF76
C:\Users\Anton1\AppData\Local\Temp\ccYqx8ap.s:2152   .debug_str:00000000000001bf .LASF77
C:\Users\Anton1\AppData\Local\Temp\ccYqx8ap.s:2330   .debug_str:00000000000005ba .LASF78
C:\Users\Anton1\AppData\Local\Temp\ccYqx8ap.s:2216   .debug_str:000000000000032d .LASF79
C:\Users\Anton1\AppData\Local\Temp\ccYqx8ap.s:2162   .debug_str:00000000000001ea .LASF80
C:\Users\Anton1\AppData\Local\Temp\ccYqx8ap.s:2128   .debug_str:000000000000014f .LASF81
C:\Users\Anton1\AppData\Local\Temp\ccYqx8ap.s:2222   .debug_str:0000000000000357 .LASF82
C:\Users\Anton1\AppData\Local\Temp\ccYqx8ap.s:2174   .debug_str:0000000000000279 .LASF83
C:\Users\Anton1\AppData\Local\Temp\ccYqx8ap.s:2312   .debug_str:0000000000000567 .LASF84
C:\Users\Anton1\AppData\Local\Temp\ccYqx8ap.s:2114   .debug_str:0000000000000112 .LASF85
C:\Users\Anton1\AppData\Local\Temp\ccYqx8ap.s:2108   .debug_str:00000000000000f7 .LASF86
C:\Users\Anton1\AppData\Local\Temp\ccYqx8ap.s:2276   .debug_str:0000000000000446 .LASF87
C:\Users\Anton1\AppData\Local\Temp\ccYqx8ap.s:2234   .debug_str:0000000000000386 .LASF88
C:\Users\Anton1\AppData\Local\Temp\ccYqx8ap.s:2306   .debug_str:000000000000054e .LASF89
C:\Users\Anton1\AppData\Local\Temp\ccYqx8ap.s:2168   .debug_str:000000000000020a .LASF90
C:\Users\Anton1\AppData\Local\Temp\ccYqx8ap.s:2232   .debug_str:0000000000000380 .LASF91
C:\Users\Anton1\AppData\Local\Temp\ccYqx8ap.s:2072   .debug_str:0000000000000012 .LASF92
C:\Users\Anton1\AppData\Local\Temp\ccYqx8ap.s:2262   .debug_str:000000000000040f .LASF93
C:\Users\Anton1\AppData\Local\Temp\ccYqx8ap.s:2282   .debug_str:000000000000045b .LASF94
C:\Users\Anton1\AppData\Local\Temp\ccYqx8ap.s:2292   .debug_str:0000000000000505 .LASF95
C:\Users\Anton1\AppData\Local\Temp\ccYqx8ap.s:2300   .debug_str:0000000000000532 .LASF96
GAS LISTING C:\Users\Anton1\AppData\Local\Temp\ccYqx8ap.s 			page 5


C:\Users\Anton1\AppData\Local\Temp\ccYqx8ap.s:2286   .debug_str:0000000000000467 .LASF97
C:\Users\Anton1\AppData\Local\Temp\ccYqx8ap.s:2178   .debug_str:000000000000028e .LASF98
C:\Users\Anton1\AppData\Local\Temp\ccYqx8ap.s:2320   .debug_str:000000000000058a .LASF99
C:\Users\Anton1\AppData\Local\Temp\ccYqx8ap.s:2148   .debug_str:00000000000001aa .LASF100
C:\Users\Anton1\AppData\Local\Temp\ccYqx8ap.s:2244   .debug_str:00000000000003b3 .LASF101
C:\Users\Anton1\AppData\Local\Temp\ccYqx8ap.s:2324   .debug_str:00000000000005a0 .LASF102
C:\Users\Anton1\AppData\Local\Temp\ccYqx8ap.s:2246   .debug_str:00000000000003be .LASF103
C:\Users\Anton1\AppData\Local\Temp\ccYqx8ap.s:2328   .debug_str:00000000000005ac .LASF104
C:\Users\Anton1\AppData\Local\Temp\ccYqx8ap.s:2094   .debug_str:00000000000000b0 .LASF105
C:\Users\Anton1\AppData\Local\Temp\ccYqx8ap.s:2310   .debug_str:000000000000055d .LASF106
C:\Users\Anton1\AppData\Local\Temp\ccYqx8ap.s:2176   .debug_str:0000000000000282 .LASF107
C:\Users\Anton1\AppData\Local\Temp\ccYqx8ap.s:2296   .debug_str:0000000000000512 .LASF108
C:\Users\Anton1\AppData\Local\Temp\ccYqx8ap.s:2134   .debug_str:0000000000000170 .LASF109
C:\Users\Anton1\AppData\Local\Temp\ccYqx8ap.s:2090   .debug_str:000000000000007c .LASF110
C:\Users\Anton1\AppData\Local\Temp\ccYqx8ap.s:2132   .debug_str:000000000000015f .LASF111
C:\Users\Anton1\AppData\Local\Temp\ccYqx8ap.s:2078   .debug_str:000000000000002b .LASF112
C:\Users\Anton1\AppData\Local\Temp\ccYqx8ap.s:2080   .debug_str:000000000000003a .LASF113
C:\Users\Anton1\AppData\Local\Temp\ccYqx8ap.s:2224   .debug_str:000000000000035c .LASF114
C:\Users\Anton1\AppData\Local\Temp\ccYqx8ap.s:2206   .debug_str:0000000000000303 .LASF115
C:\Users\Anton1\AppData\Local\Temp\ccYqx8ap.s:2198   .debug_str:00000000000002e0 .LASF116
C:\Users\Anton1\AppData\Local\Temp\ccYqx8ap.s:2316   .debug_str:0000000000000577 .LASF117
C:\Users\Anton1\AppData\Local\Temp\ccYqx8ap.s:2086   .debug_str:000000000000006b .LASF131
C:\Users\Anton1\AppData\Local\Temp\ccYqx8ap.s:2270   .debug_str:000000000000042b .LASF118
C:\Users\Anton1\AppData\Local\Temp\ccYqx8ap.s:2298   .debug_str:000000000000051f .LASF119
C:\Users\Anton1\AppData\Local\Temp\ccYqx8ap.s:2126   .debug_str:0000000000000142 .LASF120
C:\Users\Anton1\AppData\Local\Temp\ccYqx8ap.s:2240   .debug_str:00000000000003a0 .LASF121
C:\Users\Anton1\AppData\Local\Temp\ccYqx8ap.s:2184   .debug_str:00000000000002a9 .LASF122
C:\Users\Anton1\AppData\Local\Temp\ccYqx8ap.s:2200   .debug_str:00000000000002e9 .LASF123
C:\Users\Anton1\AppData\Local\Temp\ccYqx8ap.s:2204   .debug_str:00000000000002fc .LASF124
C:\Users\Anton1\AppData\Local\Temp\ccYqx8ap.s:2280   .debug_str:0000000000000454 .LASF125
C:\Users\Anton1\AppData\Local\Temp\ccYqx8ap.s:2326   .debug_str:00000000000005a5 .LASF126
C:\Users\Anton1\AppData\Local\Temp\ccYqx8ap.s:2192   .debug_str:00000000000002c6 .LASF127
C:\Users\Anton1\AppData\Local\Temp\ccYqx8ap.s:14     .text._close:0000000000000000 .LFB1
C:\Users\Anton1\AppData\Local\Temp\ccYqx8ap.s:27     .text._close:0000000000000004 .LFE1
C:\Users\Anton1\AppData\Local\Temp\ccYqx8ap.s:2033   .debug_loc:0000000000000000 .LLST0
C:\Users\Anton1\AppData\Local\Temp\ccYqx8ap.s:2088   .debug_str:0000000000000076 .LASF132
C:\Users\Anton1\AppData\Local\Temp\ccYqx8ap.s:18     .text._close:0000000000000000 .LVL0
C:\Users\Anton1\AppData\Local\Temp\ccYqx8ap.s:24     .text._close:0000000000000002 .LVL1
C:\Users\Anton1\AppData\Local\Temp\ccYqx8ap.s:38     .debug_info:0000000000000000 .Ldebug_info0

NO UNDEFINED SYMBOLS
