GAS LISTING C:\Users\Anton1\AppData\Local\Temp\cc4u2JUk.s 			page 1


   1              		.file	"main.c"
   2              		.option nopic
   3              		.attribute arch, "rv32i2p0_m2p0_a2p0_c2p0"
   4              		.attribute unaligned_access, 0
   5              		.attribute stack_align, 16
   6              		.text
   7              	.Ltext0:
   8              		.cfi_sections	.debug_frame
   9              		.section	.text.startup.main,"ax",@progbits
  10              		.align	1
  11              		.globl	main
  13              	main:
  14              	.LFB3:
  15              		.file 1 "main.c"
   1:main.c        **** #include "lcd1602A_driver.h"
   2:main.c        **** #include <stdio.h>
   3:main.c        **** 
   4:main.c        **** 
   5:main.c        **** int main(void){
  16              		.loc 1 5 15
  17              		.cfi_startproc
   6:main.c        ****     lcd_init();
  18              		.loc 1 6 5
   5:main.c        **** 
  19              		.loc 1 5 15 is_stmt 0
  20 0000 0111     		addi	sp,sp,-32
  21              	.LCFI0:
  22              		.cfi_def_cfa_offset 32
  23 0002 06CE     		sw	ra,28(sp)
  24 0004 22CC     		sw	s0,24(sp)
  25 0006 26CA     		sw	s1,20(sp)
  26 0008 4AC8     		sw	s2,16(sp)
  27              		.cfi_offset 1, -4
  28              		.cfi_offset 8, -8
  29              		.cfi_offset 9, -12
  30              		.cfi_offset 18, -16
  31              		.loc 1 6 5
  32 000a 97000000 		call	lcd_init
  32      E7800000 
  33              	.LVL0:
   7:main.c        **** 
   8:main.c        ****     lcd_writeCh(temp);
  34              		.loc 1 8 5 is_stmt 1
  35 0012 1545     		li	a0,5
   9:main.c        ****     //lcd_clear();
  10:main.c        ****     char buf[16];
  11:main.c        ****     float temp = 25.223f;
  12:main.c        ****     int temp_int = (int)temp;
  13:main.c        ****     int temp_frac = (int)((temp - temp_int) * 100);
  14:main.c        **** 
  15:main.c        ****     //sprintf(buf, "Temp=%d.%02d", temp_int, temp_frac);
  16:main.c        ****     //lcd_writeStr(buf);
  17:main.c        **** 
  18:main.c        ****     int max = 1000000;
  19:main.c        ****     int y = 0;
  20:main.c        ****     while(1){
  21:main.c        ****         sprintf(buf, "Temp=%d",y);
GAS LISTING C:\Users\Anton1\AppData\Local\Temp\cc4u2JUk.s 			page 2


  22:main.c        ****         y = (y + 1) % max;
  36              		.loc 1 22 11 is_stmt 0
  37 0014 B7440F00 		li	s1,999424
   8:main.c        ****     //lcd_clear();
  38              		.loc 1 8 5
  39 0018 97000000 		call	lcd_writeCh
  39      E7800000 
  40              	.LVL1:
  10:main.c        ****     float temp = 25.223f;
  41              		.loc 1 10 5 is_stmt 1
  11:main.c        ****     int temp_int = (int)temp;
  42              		.loc 1 11 5
  12:main.c        ****     int temp_frac = (int)((temp - temp_int) * 100);
  43              		.loc 1 12 5
  13:main.c        **** 
  44              		.loc 1 13 5
  18:main.c        ****     int y = 0;
  45              		.loc 1 18 5
  19:main.c        ****     while(1){
  46              		.loc 1 19 5
  19:main.c        ****     while(1){
  47              		.loc 1 19 9 is_stmt 0
  48 0020 0144     		li	s0,0
  21:main.c        ****         y = (y + 1) % max;
  49              		.loc 1 21 9
  50 0022 37090000 		lui	s2,%hi(.LC0)
  51              		.loc 1 22 11
  52 0026 93840424 		addi	s1,s1,576
  53              	.LVL2:
  54              	.L2:
  20:main.c        ****         sprintf(buf, "Temp=%d",y);
  55              		.loc 1 20 5 is_stmt 1 discriminator 1
  21:main.c        ****         y = (y + 1) % max;
  56              		.loc 1 21 9 discriminator 1
  57 002a 2286     		mv	a2,s0
  58 002c 93050900 		addi	a1,s2,%lo(.LC0)
  59 0030 0A85     		mv	a0,sp
  60 0032 97000000 		call	sprintf
  60      E7800000 
  61              	.LVL3:
  62              		.loc 1 22 9 discriminator 1
  23:main.c        ****         lcd_writeStr(buf);
  63              		.loc 1 23 9 is_stmt 0 discriminator 1
  64 003a 0A85     		mv	a0,sp
  22:main.c        ****         lcd_writeStr(buf);
  65              		.loc 1 22 16 discriminator 1
  66 003c 0504     		addi	s0,s0,1
  67              	.LVL4:
  22:main.c        ****         lcd_writeStr(buf);
  68              		.loc 1 22 11 discriminator 1
  69 003e 33649402 		rem	s0,s0,s1
  70              	.LVL5:
  71              		.loc 1 23 9 is_stmt 1 discriminator 1
  72 0042 97000000 		call	lcd_writeStr
  72      E7800000 
  73              	.LVL6:
  24:main.c        ****         lcd_home();
GAS LISTING C:\Users\Anton1\AppData\Local\Temp\cc4u2JUk.s 			page 3


  74              		.loc 1 24 9 discriminator 1
  75 004a 97000000 		call	lcd_home
  75      E7800000 
  76              	.LVL7:
  77 0052 E1BF     		j	.L2
  78              		.cfi_endproc
  79              	.LFE3:
  81              		.section	.rodata.main.str1.4,"aMS",@progbits,1
  82              		.align	2
  83              	.LC0:
  84 0000 54656D70 		.string	"Temp=%d"
  84      3D256400 
  85              		.text
  86              	.Letext0:
  87              		.file 2 "c:\\users\\anton1\\kth\\embedded systems he1028\\toolchain-gd32v-v201-win\\compiler\\lib\
  88              		.file 3 "c:\\users\\anton1\\kth\\embedded systems he1028\\toolchain-gd32v-v201-win\\compiler\\risc
  89              		.file 4 "c:\\users\\anton1\\kth\\embedded systems he1028\\toolchain-gd32v-v201-win\\compiler\\risc
  90              		.file 5 "c:\\users\\anton1\\kth\\embedded systems he1028\\toolchain-gd32v-v201-win\\compiler\\risc
  91              		.file 6 "lcd1602A_driver.h"
  92              		.file 7 "c:\\users\\anton1\\kth\\embedded systems he1028\\toolchain-gd32v-v201-win\\compiler\\risc
GAS LISTING C:\Users\Anton1\AppData\Local\Temp\cc4u2JUk.s 			page 4


DEFINED SYMBOLS
                            *ABS*:0000000000000000 main.c
C:\Users\Anton1\AppData\Local\Temp\cc4u2JUk.s:13     .text.startup.main:0000000000000000 main
C:\Users\Anton1\AppData\Local\Temp\cc4u2JUk.s:17     .text.startup.main:0000000000000000 .L0 
C:\Users\Anton1\AppData\Local\Temp\cc4u2JUk.s:18     .text.startup.main:0000000000000000 .L0 
C:\Users\Anton1\AppData\Local\Temp\cc4u2JUk.s:19     .text.startup.main:0000000000000000 .L0 
C:\Users\Anton1\AppData\Local\Temp\cc4u2JUk.s:20     .text.startup.main:0000000000000000 .L0 
C:\Users\Anton1\AppData\Local\Temp\cc4u2JUk.s:22     .text.startup.main:0000000000000002 .L0 
C:\Users\Anton1\AppData\Local\Temp\cc4u2JUk.s:27     .text.startup.main:000000000000000a .L0 
C:\Users\Anton1\AppData\Local\Temp\cc4u2JUk.s:28     .text.startup.main:000000000000000a .L0 
C:\Users\Anton1\AppData\Local\Temp\cc4u2JUk.s:29     .text.startup.main:000000000000000a .L0 
C:\Users\Anton1\AppData\Local\Temp\cc4u2JUk.s:30     .text.startup.main:000000000000000a .L0 
C:\Users\Anton1\AppData\Local\Temp\cc4u2JUk.s:32     .text.startup.main:000000000000000a .L0 
C:\Users\Anton1\AppData\Local\Temp\cc4u2JUk.s:35     .text.startup.main:0000000000000012 .L0 
C:\Users\Anton1\AppData\Local\Temp\cc4u2JUk.s:37     .text.startup.main:0000000000000014 .L0 
C:\Users\Anton1\AppData\Local\Temp\cc4u2JUk.s:39     .text.startup.main:0000000000000018 .L0 
C:\Users\Anton1\AppData\Local\Temp\cc4u2JUk.s:42     .text.startup.main:0000000000000020 .L0 
C:\Users\Anton1\AppData\Local\Temp\cc4u2JUk.s:43     .text.startup.main:0000000000000020 .L0 
C:\Users\Anton1\AppData\Local\Temp\cc4u2JUk.s:44     .text.startup.main:0000000000000020 .L0 
C:\Users\Anton1\AppData\Local\Temp\cc4u2JUk.s:45     .text.startup.main:0000000000000020 .L0 
C:\Users\Anton1\AppData\Local\Temp\cc4u2JUk.s:46     .text.startup.main:0000000000000020 .L0 
C:\Users\Anton1\AppData\Local\Temp\cc4u2JUk.s:47     .text.startup.main:0000000000000020 .L0 
C:\Users\Anton1\AppData\Local\Temp\cc4u2JUk.s:48     .text.startup.main:0000000000000020 .L0 
C:\Users\Anton1\AppData\Local\Temp\cc4u2JUk.s:50     .text.startup.main:0000000000000022 .L0 
C:\Users\Anton1\AppData\Local\Temp\cc4u2JUk.s:52     .text.startup.main:0000000000000026 .L0 
C:\Users\Anton1\AppData\Local\Temp\cc4u2JUk.s:56     .text.startup.main:000000000000002a .L0 
C:\Users\Anton1\AppData\Local\Temp\cc4u2JUk.s:57     .text.startup.main:000000000000002a .L0 
C:\Users\Anton1\AppData\Local\Temp\cc4u2JUk.s:63     .text.startup.main:000000000000003a .L0 
C:\Users\Anton1\AppData\Local\Temp\cc4u2JUk.s:64     .text.startup.main:000000000000003a .L0 
C:\Users\Anton1\AppData\Local\Temp\cc4u2JUk.s:66     .text.startup.main:000000000000003c .L0 
C:\Users\Anton1\AppData\Local\Temp\cc4u2JUk.s:69     .text.startup.main:000000000000003e .L0 
C:\Users\Anton1\AppData\Local\Temp\cc4u2JUk.s:72     .text.startup.main:0000000000000042 .L0 
C:\Users\Anton1\AppData\Local\Temp\cc4u2JUk.s:75     .text.startup.main:000000000000004a .L0 
C:\Users\Anton1\AppData\Local\Temp\cc4u2JUk.s:78     .text.startup.main:0000000000000054 .L0 
C:\Users\Anton1\AppData\Local\Temp\cc4u2JUk.s:81     .text.startup.main:0000000000000054 .L0 
                     .debug_frame:0000000000000000 .L0 
C:\Users\Anton1\AppData\Local\Temp\cc4u2JUk.s:83     .rodata.main.str1.4:0000000000000000 .LC0
C:\Users\Anton1\AppData\Local\Temp\cc4u2JUk.s:54     .text.startup.main:000000000000002a .L2
C:\Users\Anton1\AppData\Local\Temp\cc4u2JUk.s:1675   .debug_abbrev:0000000000000000 .Ldebug_abbrev0
C:\Users\Anton1\AppData\Local\Temp\cc4u2JUk.s:2536   .debug_str:000000000000047d .LASF136
C:\Users\Anton1\AppData\Local\Temp\cc4u2JUk.s:2436   .debug_str:00000000000002be .LASF137
C:\Users\Anton1\AppData\Local\Temp\cc4u2JUk.s:2354   .debug_str:00000000000000ed .LASF138
C:\Users\Anton1\AppData\Local\Temp\cc4u2JUk.s:2302   .debug_ranges:0000000000000000 .Ldebug_ranges0
C:\Users\Anton1\AppData\Local\Temp\cc4u2JUk.s:2308   .debug_line:0000000000000000 .Ldebug_line0
C:\Users\Anton1\AppData\Local\Temp\cc4u2JUk.s:2590   .debug_str:00000000000005fa .LASF0
C:\Users\Anton1\AppData\Local\Temp\cc4u2JUk.s:2504   .debug_str:00000000000003ec .LASF1
C:\Users\Anton1\AppData\Local\Temp\cc4u2JUk.s:2330   .debug_str:000000000000006e .LASF2
C:\Users\Anton1\AppData\Local\Temp\cc4u2JUk.s:2416   .debug_str:0000000000000256 .LASF3
C:\Users\Anton1\AppData\Local\Temp\cc4u2JUk.s:2420   .debug_str:0000000000000268 .LASF4
C:\Users\Anton1\AppData\Local\Temp\cc4u2JUk.s:2398   .debug_str:00000000000001ff .LASF5
C:\Users\Anton1\AppData\Local\Temp\cc4u2JUk.s:2566   .debug_str:0000000000000591 .LASF6
C:\Users\Anton1\AppData\Local\Temp\cc4u2JUk.s:2370   .debug_str:000000000000017c .LASF7
C:\Users\Anton1\AppData\Local\Temp\cc4u2JUk.s:2402   .debug_str:0000000000000209 .LASF8
C:\Users\Anton1\AppData\Local\Temp\cc4u2JUk.s:2342   .debug_str:00000000000000b8 .LASF9
C:\Users\Anton1\AppData\Local\Temp\cc4u2JUk.s:2472   .debug_str:0000000000000362 .LASF10
C:\Users\Anton1\AppData\Local\Temp\cc4u2JUk.s:2478   .debug_str:000000000000037e .LASF11
C:\Users\Anton1\AppData\Local\Temp\cc4u2JUk.s:2422   .debug_str:0000000000000274 .LASF12
GAS LISTING C:\Users\Anton1\AppData\Local\Temp\cc4u2JUk.s 			page 5


C:\Users\Anton1\AppData\Local\Temp\cc4u2JUk.s:2360   .debug_str:0000000000000154 .LASF13
C:\Users\Anton1\AppData\Local\Temp\cc4u2JUk.s:2412   .debug_str:000000000000023e .LASF14
C:\Users\Anton1\AppData\Local\Temp\cc4u2JUk.s:2340   .debug_str:00000000000000aa .LASF15
C:\Users\Anton1\AppData\Local\Temp\cc4u2JUk.s:2326   .debug_str:000000000000004e .LASF16
C:\Users\Anton1\AppData\Local\Temp\cc4u2JUk.s:2450   .debug_str:00000000000002f4 .LASF17
C:\Users\Anton1\AppData\Local\Temp\cc4u2JUk.s:2438   .debug_str:00000000000002c5 .LASF18
C:\Users\Anton1\AppData\Local\Temp\cc4u2JUk.s:2462   .debug_str:000000000000032f .LASF19
C:\Users\Anton1\AppData\Local\Temp\cc4u2JUk.s:2522   .debug_str:0000000000000447 .LASF20
C:\Users\Anton1\AppData\Local\Temp\cc4u2JUk.s:2560   .debug_str:0000000000000574 .LASF21
C:\Users\Anton1\AppData\Local\Temp\cc4u2JUk.s:2434   .debug_str:00000000000002b8 .LASF22
C:\Users\Anton1\AppData\Local\Temp\cc4u2JUk.s:2404   .debug_str:0000000000000216 .LASF23
C:\Users\Anton1\AppData\Local\Temp\cc4u2JUk.s:2514   .debug_str:0000000000000425 .LASF24
C:\Users\Anton1\AppData\Local\Temp\cc4u2JUk.s:2516   .debug_str:000000000000042d .LASF25
C:\Users\Anton1\AppData\Local\Temp\cc4u2JUk.s:2488   .debug_str:00000000000003a6 .LASF26
C:\Users\Anton1\AppData\Local\Temp\cc4u2JUk.s:2542   .debug_str:0000000000000513 .LASF27
C:\Users\Anton1\AppData\Local\Temp\cc4u2JUk.s:2468   .debug_str:0000000000000346 .LASF28
C:\Users\Anton1\AppData\Local\Temp\cc4u2JUk.s:2388   .debug_str:00000000000001d1 .LASF29
C:\Users\Anton1\AppData\Local\Temp\cc4u2JUk.s:2392   .debug_str:00000000000001e2 .LASF34
C:\Users\Anton1\AppData\Local\Temp\cc4u2JUk.s:2532   .debug_str:000000000000046a .LASF30
C:\Users\Anton1\AppData\Local\Temp\cc4u2JUk.s:2508   .debug_str:0000000000000410 .LASF31
C:\Users\Anton1\AppData\Local\Temp\cc4u2JUk.s:2386   .debug_str:00000000000001cb .LASF32
C:\Users\Anton1\AppData\Local\Temp\cc4u2JUk.s:2554   .debug_str:000000000000055f .LASF33
C:\Users\Anton1\AppData\Local\Temp\cc4u2JUk.s:2400   .debug_str:0000000000000204 .LASF35
C:\Users\Anton1\AppData\Local\Temp\cc4u2JUk.s:2338   .debug_str:00000000000000a1 .LASF36
C:\Users\Anton1\AppData\Local\Temp\cc4u2JUk.s:2528   .debug_str:000000000000045b .LASF37
C:\Users\Anton1\AppData\Local\Temp\cc4u2JUk.s:2348   .debug_str:00000000000000d0 .LASF38
C:\Users\Anton1\AppData\Local\Temp\cc4u2JUk.s:2588   .debug_str:00000000000005f0 .LASF39
C:\Users\Anton1\AppData\Local\Temp\cc4u2JUk.s:2456   .debug_str:0000000000000313 .LASF40
C:\Users\Anton1\AppData\Local\Temp\cc4u2JUk.s:2446   .debug_str:00000000000002e1 .LASF41
C:\Users\Anton1\AppData\Local\Temp\cc4u2JUk.s:2556   .debug_str:0000000000000564 .LASF42
C:\Users\Anton1\AppData\Local\Temp\cc4u2JUk.s:2480   .debug_str:0000000000000388 .LASF43
C:\Users\Anton1\AppData\Local\Temp\cc4u2JUk.s:2572   .debug_str:00000000000005a9 .LASF44
C:\Users\Anton1\AppData\Local\Temp\cc4u2JUk.s:2352   .debug_str:00000000000000df .LASF45
C:\Users\Anton1\AppData\Local\Temp\cc4u2JUk.s:2382   .debug_str:00000000000001be .LASF46
C:\Users\Anton1\AppData\Local\Temp\cc4u2JUk.s:2310   .debug_str:0000000000000000 .LASF47
C:\Users\Anton1\AppData\Local\Temp\cc4u2JUk.s:2538   .debug_str:0000000000000505 .LASF48
C:\Users\Anton1\AppData\Local\Temp\cc4u2JUk.s:2364   .debug_str:0000000000000164 .LASF49
C:\Users\Anton1\AppData\Local\Temp\cc4u2JUk.s:2458   .debug_str:000000000000031c .LASF50
C:\Users\Anton1\AppData\Local\Temp\cc4u2JUk.s:2500   .debug_str:00000000000003df .LASF51
C:\Users\Anton1\AppData\Local\Temp\cc4u2JUk.s:2384   .debug_str:00000000000001c6 .LASF52
C:\Users\Anton1\AppData\Local\Temp\cc4u2JUk.s:2482   .debug_str:0000000000000392 .LASF53
C:\Users\Anton1\AppData\Local\Temp\cc4u2JUk.s:2346   .debug_str:00000000000000ca .LASF54
C:\Users\Anton1\AppData\Local\Temp\cc4u2JUk.s:2312   .debug_str:000000000000000c .LASF55
C:\Users\Anton1\AppData\Local\Temp\cc4u2JUk.s:2490   .debug_str:00000000000003b1 .LASF56
C:\Users\Anton1\AppData\Local\Temp\cc4u2JUk.s:2362   .debug_str:000000000000015d .LASF57
C:\Users\Anton1\AppData\Local\Temp\cc4u2JUk.s:2414   .debug_str:0000000000000250 .LASF58
C:\Users\Anton1\AppData\Local\Temp\cc4u2JUk.s:2328   .debug_str:0000000000000065 .LASF59
C:\Users\Anton1\AppData\Local\Temp\cc4u2JUk.s:2356   .debug_str:0000000000000144 .LASF60
C:\Users\Anton1\AppData\Local\Temp\cc4u2JUk.s:2396   .debug_str:00000000000001f9 .LASF61
C:\Users\Anton1\AppData\Local\Temp\cc4u2JUk.s:2444   .debug_str:00000000000002da .LASF62
C:\Users\Anton1\AppData\Local\Temp\cc4u2JUk.s:2518   .debug_str:0000000000000435 .LASF63
C:\Users\Anton1\AppData\Local\Temp\cc4u2JUk.s:2576   .debug_str:00000000000005c3 .LASF64
C:\Users\Anton1\AppData\Local\Temp\cc4u2JUk.s:2344   .debug_str:00000000000000c4 .LASF65
C:\Users\Anton1\AppData\Local\Temp\cc4u2JUk.s:2568   .debug_str:000000000000059b .LASF66
C:\Users\Anton1\AppData\Local\Temp\cc4u2JUk.s:2368   .debug_str:0000000000000173 .LASF67
C:\Users\Anton1\AppData\Local\Temp\cc4u2JUk.s:2376   .debug_str:0000000000000197 .LASF68
C:\Users\Anton1\AppData\Local\Temp\cc4u2JUk.s:2320   .debug_str:000000000000002d .LASF69
GAS LISTING C:\Users\Anton1\AppData\Local\Temp\cc4u2JUk.s 			page 6


C:\Users\Anton1\AppData\Local\Temp\cc4u2JUk.s:2440   .debug_str:00000000000002cc .LASF70
C:\Users\Anton1\AppData\Local\Temp\cc4u2JUk.s:2492   .debug_str:00000000000003b9 .LASF71
C:\Users\Anton1\AppData\Local\Temp\cc4u2JUk.s:2442   .debug_str:00000000000002d2 .LASF72
C:\Users\Anton1\AppData\Local\Temp\cc4u2JUk.s:2510   .debug_str:0000000000000418 .LASF73
C:\Users\Anton1\AppData\Local\Temp\cc4u2JUk.s:2524   .debug_str:000000000000044f .LASF74
C:\Users\Anton1\AppData\Local\Temp\cc4u2JUk.s:2366   .debug_str:000000000000016c .LASF75
C:\Users\Anton1\AppData\Local\Temp\cc4u2JUk.s:2408   .debug_str:000000000000022e .LASF76
C:\Users\Anton1\AppData\Local\Temp\cc4u2JUk.s:2390   .debug_str:00000000000001da .LASF77
C:\Users\Anton1\AppData\Local\Temp\cc4u2JUk.s:2498   .debug_str:00000000000003da .LASF78
C:\Users\Anton1\AppData\Local\Temp\cc4u2JUk.s:2318   .debug_str:0000000000000022 .LASF79
C:\Users\Anton1\AppData\Local\Temp\cc4u2JUk.s:2506   .debug_str:00000000000003f7 .LASF80
C:\Users\Anton1\AppData\Local\Temp\cc4u2JUk.s:2502   .debug_str:00000000000003e4 .LASF81
C:\Users\Anton1\AppData\Local\Temp\cc4u2JUk.s:2460   .debug_str:0000000000000324 .LASF82
C:\Users\Anton1\AppData\Local\Temp\cc4u2JUk.s:2552   .debug_str:0000000000000555 .LASF83
C:\Users\Anton1\AppData\Local\Temp\cc4u2JUk.s:2432   .debug_str:00000000000002b0 .LASF84
C:\Users\Anton1\AppData\Local\Temp\cc4u2JUk.s:2428   .debug_str:0000000000000299 .LASF85
C:\Users\Anton1\AppData\Local\Temp\cc4u2JUk.s:2582   .debug_str:00000000000005dd .LASF86
C:\Users\Anton1\AppData\Local\Temp\cc4u2JUk.s:2466   .debug_str:000000000000033c .LASF87
C:\Users\Anton1\AppData\Local\Temp\cc4u2JUk.s:2410   .debug_str:0000000000000236 .LASF88
C:\Users\Anton1\AppData\Local\Temp\cc4u2JUk.s:2374   .debug_str:000000000000018f .LASF89
C:\Users\Anton1\AppData\Local\Temp\cc4u2JUk.s:2474   .debug_str:0000000000000370 .LASF90
C:\Users\Anton1\AppData\Local\Temp\cc4u2JUk.s:2426   .debug_str:0000000000000290 .LASF91
C:\Users\Anton1\AppData\Local\Temp\cc4u2JUk.s:2564   .debug_str:0000000000000587 .LASF92
C:\Users\Anton1\AppData\Local\Temp\cc4u2JUk.s:2358   .debug_str:000000000000014c .LASF93
C:\Users\Anton1\AppData\Local\Temp\cc4u2JUk.s:2350   .debug_str:00000000000000da .LASF94
C:\Users\Anton1\AppData\Local\Temp\cc4u2JUk.s:2526   .debug_str:0000000000000456 .LASF95
C:\Users\Anton1\AppData\Local\Temp\cc4u2JUk.s:2486   .debug_str:000000000000039f .LASF96
C:\Users\Anton1\AppData\Local\Temp\cc4u2JUk.s:2558   .debug_str:000000000000056e .LASF97
C:\Users\Anton1\AppData\Local\Temp\cc4u2JUk.s:2418   .debug_str:0000000000000261 .LASF98
C:\Users\Anton1\AppData\Local\Temp\cc4u2JUk.s:2484   .debug_str:0000000000000399 .LASF99
C:\Users\Anton1\AppData\Local\Temp\cc4u2JUk.s:2316   .debug_str:000000000000001a .LASF100
C:\Users\Anton1\AppData\Local\Temp\cc4u2JUk.s:2512   .debug_str:000000000000041f .LASF101
C:\Users\Anton1\AppData\Local\Temp\cc4u2JUk.s:2530   .debug_str:0000000000000464 .LASF102
C:\Users\Anton1\AppData\Local\Temp\cc4u2JUk.s:2540   .debug_str:000000000000050e .LASF103
C:\Users\Anton1\AppData\Local\Temp\cc4u2JUk.s:2550   .debug_str:0000000000000548 .LASF104
C:\Users\Anton1\AppData\Local\Temp\cc4u2JUk.s:2534   .debug_str:0000000000000470 .LASF105
C:\Users\Anton1\AppData\Local\Temp\cc4u2JUk.s:2430   .debug_str:00000000000002a3 .LASF106
C:\Users\Anton1\AppData\Local\Temp\cc4u2JUk.s:2574   .debug_str:00000000000005b4 .LASF107
C:\Users\Anton1\AppData\Local\Temp\cc4u2JUk.s:2394   .debug_str:00000000000001ea .LASF108
C:\Users\Anton1\AppData\Local\Temp\cc4u2JUk.s:2494   .debug_str:00000000000003c2 .LASF109
C:\Users\Anton1\AppData\Local\Temp\cc4u2JUk.s:2578   .debug_str:00000000000005ca .LASF110
C:\Users\Anton1\AppData\Local\Temp\cc4u2JUk.s:2496   .debug_str:00000000000003cd .LASF111
C:\Users\Anton1\AppData\Local\Temp\cc4u2JUk.s:2580   .debug_str:00000000000005cf .LASF112
C:\Users\Anton1\AppData\Local\Temp\cc4u2JUk.s:2336   .debug_str:0000000000000093 .LASF113
C:\Users\Anton1\AppData\Local\Temp\cc4u2JUk.s:2562   .debug_str:000000000000057d .LASF114
C:\Users\Anton1\AppData\Local\Temp\cc4u2JUk.s:2324   .debug_str:0000000000000042 .LASF115
C:\Users\Anton1\AppData\Local\Temp\cc4u2JUk.s:2544   .debug_str:000000000000051b .LASF116
C:\Users\Anton1\AppData\Local\Temp\cc4u2JUk.s:2380   .debug_str:00000000000001b0 .LASF117
C:\Users\Anton1\AppData\Local\Temp\cc4u2JUk.s:2334   .debug_str:0000000000000084 .LASF118
C:\Users\Anton1\AppData\Local\Temp\cc4u2JUk.s:2378   .debug_str:000000000000019f .LASF119
C:\Users\Anton1\AppData\Local\Temp\cc4u2JUk.s:2322   .debug_str:0000000000000033 .LASF120
C:\Users\Anton1\AppData\Local\Temp\cc4u2JUk.s:2406   .debug_str:000000000000021d .LASF121
C:\Users\Anton1\AppData\Local\Temp\cc4u2JUk.s:2476   .debug_str:0000000000000375 .LASF122
C:\Users\Anton1\AppData\Local\Temp\cc4u2JUk.s:2452   .debug_str:0000000000000300 .LASF123
C:\Users\Anton1\AppData\Local\Temp\cc4u2JUk.s:2448   .debug_str:00000000000002eb .LASF124
C:\Users\Anton1\AppData\Local\Temp\cc4u2JUk.s:2570   .debug_str:00000000000005a1 .LASF125
C:\Users\Anton1\AppData\Local\Temp\cc4u2JUk.s:2332   .debug_str:0000000000000079 .LASF139
GAS LISTING C:\Users\Anton1\AppData\Local\Temp\cc4u2JUk.s 			page 7


C:\Users\Anton1\AppData\Local\Temp\cc4u2JUk.s:2520   .debug_str:000000000000043b .LASF126
C:\Users\Anton1\AppData\Local\Temp\cc4u2JUk.s:2548   .debug_str:0000000000000535 .LASF127
C:\Users\Anton1\AppData\Local\Temp\cc4u2JUk.s:2586   .debug_str:00000000000005eb .LASF140
C:\Users\Anton1\AppData\Local\Temp\cc4u2JUk.s:14     .text.startup.main:0000000000000000 .LFB3
C:\Users\Anton1\AppData\Local\Temp\cc4u2JUk.s:79     .text.startup.main:0000000000000054 .LFE3
C:\Users\Anton1\AppData\Local\Temp\cc4u2JUk.s:2254   .debug_loc:0000000000000000 .LLST0
C:\Users\Anton1\AppData\Local\Temp\cc4u2JUk.s:2372   .debug_str:0000000000000186 .LASF128
C:\Users\Anton1\AppData\Local\Temp\cc4u2JUk.s:2470   .debug_str:0000000000000358 .LASF129
C:\Users\Anton1\AppData\Local\Temp\cc4u2JUk.s:2267   .debug_loc:0000000000000020 .LLST1
C:\Users\Anton1\AppData\Local\Temp\cc4u2JUk.s:33     .text.startup.main:0000000000000012 .LVL0
C:\Users\Anton1\AppData\Local\Temp\cc4u2JUk.s:40     .text.startup.main:0000000000000020 .LVL1
C:\Users\Anton1\AppData\Local\Temp\cc4u2JUk.s:61     .text.startup.main:000000000000003a .LVL3
C:\Users\Anton1\AppData\Local\Temp\cc4u2JUk.s:73     .text.startup.main:000000000000004a .LVL6
C:\Users\Anton1\AppData\Local\Temp\cc4u2JUk.s:76     .text.startup.main:0000000000000052 .LVL7
C:\Users\Anton1\AppData\Local\Temp\cc4u2JUk.s:2464   .debug_str:0000000000000336 .LASF130
C:\Users\Anton1\AppData\Local\Temp\cc4u2JUk.s:2584   .debug_str:00000000000005e2 .LASF131
C:\Users\Anton1\AppData\Local\Temp\cc4u2JUk.s:2454   .debug_str:0000000000000307 .LASF132
C:\Users\Anton1\AppData\Local\Temp\cc4u2JUk.s:2314   .debug_str:0000000000000012 .LASF133
C:\Users\Anton1\AppData\Local\Temp\cc4u2JUk.s:2546   .debug_str:0000000000000528 .LASF134
C:\Users\Anton1\AppData\Local\Temp\cc4u2JUk.s:2424   .debug_str:0000000000000287 .LASF135
C:\Users\Anton1\AppData\Local\Temp\cc4u2JUk.s:21     .text.startup.main:0000000000000002 .LCFI0
C:\Users\Anton1\AppData\Local\Temp\cc4u2JUk.s:53     .text.startup.main:000000000000002a .LVL2
C:\Users\Anton1\AppData\Local\Temp\cc4u2JUk.s:67     .text.startup.main:000000000000003e .LVL4
C:\Users\Anton1\AppData\Local\Temp\cc4u2JUk.s:70     .text.startup.main:0000000000000042 .LVL5
C:\Users\Anton1\AppData\Local\Temp\cc4u2JUk.s:94     .debug_info:0000000000000000 .Ldebug_info0

UNDEFINED SYMBOLS
lcd_init
lcd_writeCh
sprintf
lcd_writeStr
lcd_home
